#
# A fatal error has been detected by the Java Runtime Environment:
#
#  EXCEPTION_ACCESS_VIOLATION (0xc0000005) at pc=0x00007ffe3b48727b, pid=1980, tid=0x00000000000030a8
#
# JRE version: OpenJDK Runtime Environment (8.0_372-b07) (build 1.8.0_372-b07)
# Java VM: OpenJDK 64-Bit Server VM (25.372-b07 mixed mode windows-amd64 compressed oops)
# Problematic frame:
# C  [ig12icd64.dll+0x29727b]
#
# Failed to write core dump. Minidumps are not enabled by default on client versions of Windows
#
# If you would like to submit a bug report, please visit:
#   https://github.com/adoptium/adoptium-support/issues
#

---------------  T H R E A D  ---------------

Current thread (0x0000020172714000):  VMThread [stack: 0x00000061e0400000,0x00000061e0500000] [id=12456]

siginfo: ExceptionCode=0xc0000005, reading address 0x00000000000353b8

Registers:
RAX=0x0000020176af4fa0, RBX=0x0000020176af53e8, RCX=0x0000000000000000, RDX=0x0000000000000000
RSP=0x00000061e04fdff0, RBP=0x00000061e04fe0f0, RSI=0x0000020176af4ed0, RDI=0x0000020175ccde90
R8 =0x0000020176af4fa0, R9 =0x0000000000000000, R10=0x0000000000000000, R11=0x0000000000000246
R12=0x0000020176af4ed0, R13=0x0000000000000000, R14=0x0000000000000000, R15=0x0000000000000000
RIP=0x00007ffe3b48727b, EFLAGS=0x0000000000010206

Top of Stack: (sp=0x00000061e04fdff0)
0x00000061e04fdff0:   0000020177249f50 0000000000000000
0x00000061e04fe000:   0000000000000000 0000000000000000
0x00000061e04fe010:   0000001600000000 0000000000000000
0x00000061e04fe020:   0000000000000000 0000020176aeeab0
0x00000061e04fe030:   0000000000000000 0000000000000000
0x00000061e04fe040:   0000020177249f50 00007ffe3b20c9b2
0x00000061e04fe050:   000002017822acf0 00000061e04fe150
0x00000061e04fe060:   000002017821fde0 000002017d9a53e4
0x00000061e04fe070:   0000020178221170 0000020178225270
0x00000061e04fe080:   0000020178070001 000002017da40000
0x00000061e04fe090:   000002017da00154 00007ffea8659500
0x00000061e04fe0a0:   000002017d9a5214 000002017821f320
0x00000061e04fe0b0:   0000020157d00324 0000020157d00150
0x00000061e04fe0c0:   c4d840cc00000000 00007ffea84fa36f
0x00000061e04fe0d0:   000002017822b2f0 00000000aba3c47a
0x00000061e04fe0e0:   000000000000000d 0000020157c80000 

Instructions: (pc=0x00007ffe3b48727b)
0x00007ffe3b48725b:   00 83 f9 10 0f 83 5a 08 00 00 8b c1 48 c1 e0 06
0x00007ffe3b48726b:   49 03 c0 48 85 c0 0f 84 b6 08 00 00 48 8b 50 08
0x00007ffe3b48727b:   49 3b 96 b8 53 03 00 0f 87 a5 0f 00 00 48 83 be
0x00007ffe3b48728b:   70 05 00 00 00 0f 85 88 17 72 00 44 8b 8f d0 01 


Register to memory mapping:

RAX=0x0000020176af4fa0 is an unknown value
RBX=0x0000020176af53e8 is an unknown value
RCX=0x0000000000000000 is an unknown value
RDX=0x0000000000000000 is an unknown value
RSP=0x00000061e04fdff0 is an unknown value
RBP=0x00000061e04fe0f0 is an unknown value
RSI=0x0000020176af4ed0 is an unknown value
RDI=0x0000020175ccde90 is an unknown value
R8 =0x0000020176af4fa0 is an unknown value
R9 =0x0000000000000000 is an unknown value
R10=0x0000000000000000 is an unknown value
R11=0x0000000000000246 is an unknown value
R12=0x0000020176af4ed0 is an unknown value
R13=0x0000000000000000 is an unknown value
R14=0x0000000000000000 is an unknown value
R15=0x0000000000000000 is an unknown value


Stack: [0x00000061e0400000,0x00000061e0500000],  sp=0x00000061e04fdff0,  free space=1015k
Native frames: (J=compiled Java code, j=interpreted, Vv=VM code, C=native code)
C  [ig12icd64.dll+0x29727b]
C  [ig12icd64.dll+0x279352]
C  [ig12icd64.dll+0x2850d0]
C  [ig12icd64.dll+0xccc27]
C  [ig12icd64.dll+0x2e7477]
C  [ig12icd64.dll+0x9d19df]
C  [ig12icd64.dll+0x2e297d]
C  [ig12icd64.dll+0x2e27b6]
C  [ig12icd64.dll+0x7c557b]
C  [ntdll.dll+0x19a1d]
C  [ntdll.dll+0x5dcda]
C  [ntdll.dll+0x5da8d]
C  [KERNEL32.DLL+0x1e3bb]
C  [ucrtbase.dll+0x205bc]
C  [ucrtbase.dll+0x2045f]
V  [jvm.dll+0x1e8e25]
V  [jvm.dll+0x2245a6]
V  [jvm.dll+0x224b44]
V  [jvm.dll+0x223104]
V  [jvm.dll+0x2238df]
V  [jvm.dll+0x223be4]
V  [jvm.dll+0x26d49c]
C  [ucrtbase.dll+0x21bb2]
C  [KERNEL32.DLL+0x17344]
C  [ntdll.dll+0x526b1]

VM_Operation (0x00000061dfbfefb0): Exit, mode: safepoint, requested by thread 0x0000020157d4e000


---------------  P R O C E S S  ---------------

Java Threads: ( => current thread )
  0x00000201752e4000 JavaThread "com.google.inject.internal.util.$Finalizer" daemon [_thread_blocked, id=18920, stack(0x00000061e1000000,0x00000061e1100000)]
  0x0000020175339800 JavaThread "EMF Reference Cleaner" daemon [_thread_blocked, id=12232, stack(0x00000061e0f00000,0x00000061e1000000)]
  0x0000020174638000 JavaThread "Service Thread" daemon [_thread_blocked, id=14312, stack(0x00000061e0d00000,0x00000061e0e00000)]
  0x000002017278b000 JavaThread "C1 CompilerThread3" daemon [_thread_blocked, id=17852, stack(0x00000061e0c00000,0x00000061e0d00000)]
  0x0000020172779000 JavaThread "C2 CompilerThread2" daemon [_thread_blocked, id=17720, stack(0x00000061e0b00000,0x00000061e0c00000)]
  0x0000020172778000 JavaThread "C2 CompilerThread1" daemon [_thread_blocked, id=19836, stack(0x00000061e0a00000,0x00000061e0b00000)]
  0x000002017277b800 JavaThread "C2 CompilerThread0" daemon [_thread_blocked, id=1768, stack(0x00000061e0900000,0x00000061e0a00000)]
  0x000002017276d000 JavaThread "Attach Listener" daemon [_thread_blocked, id=10872, stack(0x00000061e0800000,0x00000061e0900000)]
  0x000002017276c000 JavaThread "Signal Dispatcher" daemon [_thread_blocked, id=1304, stack(0x00000061e0700000,0x00000061e0800000)]
  0x0000020172748000 JavaThread "Finalizer" daemon [_thread_blocked, id=13524, stack(0x00000061e0600000,0x00000061e0700000)]
  0x000002017273f000 JavaThread "Reference Handler" daemon [_thread_blocked, id=16368, stack(0x00000061e0500000,0x00000061e0600000)]
  0x0000020157d4e000 JavaThread "main" [_thread_blocked, id=6508, stack(0x00000061dfb00000,0x00000061dfc00000)]

Other Threads:
=>0x0000020172714000 VMThread [stack: 0x00000061e0400000,0x00000061e0500000] [id=12456]

VM state:at safepoint (shutting down)

VM Mutex/Monitor currently owned by a thread:  ([mutex/lock_event])
[0x0000020157d49880] Threads_lock - owner thread: 0x0000020172714000

heap address: 0x00000006c4c00000, size: 4020 MB, Compressed Oops mode: Zero based, Oop shift amount: 3
Narrow klass base: 0x0000000000000000, Narrow klass shift: 3
Compressed class space size: 1073741824 Address: 0x00000007c0000000

Heap:
 PSYoungGen      total 75264K, used 19855K [0x000000076c400000, 0x0000000775700000, 0x00000007c0000000)
  eden space 64512K, 30% used [0x000000076c400000,0x000000076d763c68,0x0000000770300000)
  from space 10752K, 0% used [0x0000000770300000,0x0000000770300000,0x0000000770d80000)
  to   space 10752K, 0% used [0x0000000774c80000,0x0000000774c80000,0x0000000775700000)
 ParOldGen       total 131072K, used 17633K [0x00000006c4c00000, 0x00000006ccc00000, 0x000000076c400000)
  object space 131072K, 13% used [0x00000006c4c00000,0x00000006c5d38638,0x00000006ccc00000)
 Metaspace       used 23856K, capacity 24119K, committed 24320K, reserved 1071104K
  class space    used 2887K, capacity 2984K, committed 3072K, reserved 1048576K

Card table byte_map: [0x00000201689f0000,0x00000201691d0000] byte_map_base: 0x00000201653ca000

Marking Bits: (ParMarkBitMap*) 0x000000005a9df810
 Begin Bits: [0x0000020169710000, 0x000002016d5e0000)
 End Bits:   [0x000002016d5e0000, 0x00000201714b0000)

Polling page: 0x0000020159600000

CodeCache: size=245760Kb used=10529Kb max_used=10538Kb free=235230Kb
 bounds [0x0000020159630000, 0x000002015a090000, 0x0000020168630000]
 total_blobs=3933 nmethods=3333 adapters=510
 compilation: enabled

Compilation events (10 events):
Event: 2.979 Thread 0x0000020172779000 3326 % !   4       java.io.BufferedReader::readLine @ 131 (304 bytes)
Event: 2.983 Thread 0x000002017277b800 nmethod 3320 0x000002015a07b5d0 code [0x000002015a07b760, 0x000002015a07bd30]
Event: 2.989 Thread 0x0000020172778000 nmethod 3322 0x000002015a07cbd0 code [0x000002015a07cd60, 0x000002015a07d798]
Event: 2.995 Thread 0x0000020172779000 nmethod 3326% 0x000002015a07e990 code [0x000002015a07eb60, 0x000002015a07faa0]
Event: 3.004 Thread 0x000002017278b000 3331       3       com.badlogic.gdx.utils.Array::add (48 bytes)
Event: 3.004 Thread 0x000002017278b000 nmethod 3331 0x000002015a07add0 code [0x000002015a07af80, 0x000002015a07b430]
Event: 3.028 Thread 0x000002017278b000 3332   !   3       java.nio.CharBuffer::wrap (20 bytes)
Event: 3.028 Thread 0x000002017278b000 nmethod 3332 0x000002015a0836d0 code [0x000002015a083860, 0x000002015a083c40]
Event: 3.028 Thread 0x000002017278b000 3333       3       java.nio.HeapCharBuffer::<init> (14 bytes)
Event: 3.029 Thread 0x000002017278b000 nmethod 3333 0x000002015a07c6d0 code [0x000002015a07c840, 0x000002015a07ca90]

GC Heap History (8 events):
Event: 0.736 GC heap before
{Heap before GC invocations=1 (full 0):
 PSYoungGen      total 75264K, used 64512K [0x000000076c400000, 0x0000000771800000, 0x00000007c0000000)
  eden space 64512K, 100% used [0x000000076c400000,0x0000000770300000,0x0000000770300000)
  from space 10752K, 0% used [0x0000000770d80000,0x0000000770d80000,0x0000000771800000)
  to   space 10752K, 0% used [0x0000000770300000,0x0000000770300000,0x0000000770d80000)
 ParOldGen       total 172032K, used 0K [0x00000006c4c00000, 0x00000006cf400000, 0x000000076c400000)
  object space 172032K, 0% used [0x00000006c4c00000,0x00000006c4c00000,0x00000006cf400000)
 Metaspace       used 10011K, capacity 10192K, committed 10368K, reserved 1058816K
  class space    used 1195K, capacity 1288K, committed 1408K, reserved 1048576K
Event: 0.743 GC heap after
Heap after GC invocations=1 (full 0):
 PSYoungGen      total 75264K, used 10732K [0x000000076c400000, 0x0000000771800000, 0x00000007c0000000)
  eden space 64512K, 0% used [0x000000076c400000,0x000000076c400000,0x0000000770300000)
  from space 10752K, 99% used [0x0000000770300000,0x0000000770d7b258,0x0000000770d80000)
  to   space 10752K, 0% used [0x0000000770d80000,0x0000000770d80000,0x0000000771800000)
 ParOldGen       total 172032K, used 3637K [0x00000006c4c00000, 0x00000006cf400000, 0x000000076c400000)
  object space 172032K, 2% used [0x00000006c4c00000,0x00000006c4f8d728,0x00000006cf400000)
 Metaspace       used 10011K, capacity 10192K, committed 10368K, reserved 1058816K
  class space    used 1195K, capacity 1288K, committed 1408K, reserved 1048576K
}
Event: 1.425 GC heap before
{Heap before GC invocations=2 (full 0):
 PSYoungGen      total 75264K, used 75244K [0x000000076c400000, 0x0000000771800000, 0x00000007c0000000)
  eden space 64512K, 100% used [0x000000076c400000,0x0000000770300000,0x0000000770300000)
  from space 10752K, 99% used [0x0000000770300000,0x0000000770d7b258,0x0000000770d80000)
  to   space 10752K, 0% used [0x0000000770d80000,0x0000000770d80000,0x0000000771800000)
 ParOldGen       total 172032K, used 3637K [0x00000006c4c00000, 0x00000006cf400000, 0x000000076c400000)
  object space 172032K, 2% used [0x00000006c4c00000,0x00000006c4f8d728,0x00000006cf400000)
 Metaspace       used 17222K, capacity 17394K, committed 17664K, reserved 1064960K
  class space    used 2197K, capacity 2291K, committed 2304K, reserved 1048576K
Event: 1.436 GC heap after
Heap after GC invocations=2 (full 0):
 PSYoungGen      total 75264K, used 10743K [0x000000076c400000, 0x0000000775700000, 0x00000007c0000000)
  eden space 64512K, 0% used [0x000000076c400000,0x000000076c400000,0x0000000770300000)
  from space 10752K, 99% used [0x0000000770d80000,0x00000007717fdc48,0x0000000771800000)
  to   space 10752K, 0% used [0x0000000770300000,0x0000000770300000,0x0000000770d80000)
 ParOldGen       total 172032K, used 11611K [0x00000006c4c00000, 0x00000006cf400000, 0x000000076c400000)
  object space 172032K, 6% used [0x00000006c4c00000,0x00000006c5756c50,0x00000006cf400000)
 Metaspace       used 17222K, capacity 17394K, committed 17664K, reserved 1064960K
  class space    used 2197K, capacity 2291K, committed 2304K, reserved 1048576K
}
Event: 2.139 GC heap before
{Heap before GC invocations=3 (full 0):
 PSYoungGen      total 75264K, used 53265K [0x000000076c400000, 0x0000000775700000, 0x00000007c0000000)
  eden space 64512K, 65% used [0x000000076c400000,0x000000076ed86b78,0x0000000770300000)
  from space 10752K, 99% used [0x0000000770d80000,0x00000007717fdc48,0x0000000771800000)
  to   space 10752K, 0% used [0x0000000770300000,0x0000000770300000,0x0000000770d80000)
 ParOldGen       total 172032K, used 11611K [0x00000006c4c00000, 0x00000006cf400000, 0x000000076c400000)
  object space 172032K, 6% used [0x00000006c4c00000,0x00000006c5756c50,0x00000006cf400000)
 Metaspace       used 20804K, capacity 21076K, committed 21248K, reserved 1067008K
  class space    used 2638K, capacity 2728K, committed 2816K, reserved 1048576K
Event: 2.149 GC heap after
Heap after GC invocations=3 (full 0):
 PSYoungGen      total 75264K, used 10743K [0x000000076c400000, 0x0000000775700000, 0x00000007c0000000)
  eden space 64512K, 0% used [0x000000076c400000,0x000000076c400000,0x0000000770300000)
  from space 10752K, 99% used [0x0000000770300000,0x0000000770d7dc88,0x0000000770d80000)
  to   space 10752K, 0% used [0x0000000774c80000,0x0000000774c80000,0x0000000775700000)
 ParOldGen       total 172032K, used 17310K [0x00000006c4c00000, 0x00000006cf400000, 0x000000076c400000)
  object space 172032K, 10% used [0x00000006c4c00000,0x00000006c5ce7930,0x00000006cf400000)
 Metaspace       used 20804K, capacity 21076K, committed 21248K, reserved 1067008K
  class space    used 2638K, capacity 2728K, committed 2816K, reserved 1048576K
}
Event: 2.149 GC heap before
{Heap before GC invocations=4 (full 1):
 PSYoungGen      total 75264K, used 10743K [0x000000076c400000, 0x0000000775700000, 0x00000007c0000000)
  eden space 64512K, 0% used [0x000000076c400000,0x000000076c400000,0x0000000770300000)
  from space 10752K, 99% used [0x0000000770300000,0x0000000770d7dc88,0x0000000770d80000)
  to   space 10752K, 0% used [0x0000000774c80000,0x0000000774c80000,0x0000000775700000)
 ParOldGen       total 172032K, used 17310K [0x00000006c4c00000, 0x00000006cf400000, 0x000000076c400000)
  object space 172032K, 10% used [0x00000006c4c00000,0x00000006c5ce7930,0x00000006cf400000)
 Metaspace       used 20804K, capacity 21076K, committed 21248K, reserved 1067008K
  class space    used 2638K, capacity 2728K, committed 2816K, reserved 1048576K
Event: 2.196 GC heap after
Heap after GC invocations=4 (full 1):
 PSYoungGen      total 75264K, used 0K [0x000000076c400000, 0x0000000775700000, 0x00000007c0000000)
  eden space 64512K, 0% used [0x000000076c400000,0x000000076c400000,0x0000000770300000)
  from space 10752K, 0% used [0x0000000770300000,0x0000000770300000,0x0000000770d80000)
  to   space 10752K, 0% used [0x0000000774c80000,0x0000000774c80000,0x0000000775700000)
 ParOldGen       total 131072K, used 17633K [0x00000006c4c00000, 0x00000006ccc00000, 0x000000076c400000)
  object space 131072K, 13% used [0x00000006c4c00000,0x00000006c5d38638,0x00000006ccc00000)
 Metaspace       used 20804K, capacity 21076K, committed 21248K, reserved 1067008K
  class space    used 2638K, capacity 2728K, committed 2816K, reserved 1048576K
}

Deoptimization events (10 events):
Event: 2.015 Thread 0x0000020157d4e000 Uncommon trap: reason=bimorphic action=maybe_recompile pc=0x0000020159d91240 method=java.util.Arrays.hashCode([Ljava/lang/Object;)I @ 43
Event: 2.020 Thread 0x0000020157d4e000 Uncommon trap: reason=unstable_if action=reinterpret pc=0x0000020159f08320 method=org.eclipse.emf.common.notify.impl.BasicNotifierImpl$EAdapterList.getAdapterForType(Ljava/lang/Object;)Lorg/eclipse/emf/common/notify/Adapter; @ 50
Event: 2.027 Thread 0x0000020157d4e000 Uncommon trap: reason=unstable_if action=reinterpret pc=0x0000020159e46e90 method=org.eclipse.xtext.nodemodel.impl.InternalNodeModelUtils.computeLineBreaks(Ljava/lang/String;)[I @ 37
Event: 2.031 Thread 0x0000020157d4e000 Uncommon trap: reason=unstable_if action=reinterpret pc=0x0000020159f01540 method=org.eclipse.emf.common.notify.impl.BasicNotifierImpl$EAdapterList.getAdapterForType(Ljava/lang/Object;)Lorg/eclipse/emf/common/notify/Adapter; @ 50
Event: 2.277 Thread 0x0000020157d4e000 Uncommon trap: reason=unstable_if action=reinterpret pc=0x0000020159972048 method=java.io.WinNTFileSystem.normalize(Ljava/lang/String;)Ljava/lang/String; @ 49
Event: 2.293 Thread 0x0000020157d4e000 Uncommon trap: reason=predicate action=maybe_recompile pc=0x0000020159a9292c method=java.lang.String.regionMatches(ZILjava/lang/String;II)Z @ 63
Event: 2.405 Thread 0x0000020157d4e000 Uncommon trap: reason=unstable_if action=reinterpret pc=0x000002015986af9c method=java.lang.ThreadLocal$ThreadLocalMap.getEntry(Ljava/lang/ThreadLocal;)Ljava/lang/ThreadLocal$ThreadLocalMap$Entry; @ 29
Event: 2.405 Thread 0x0000020157d4e000 Uncommon trap: reason=unstable_if action=reinterpret pc=0x000002015986e26c method=java.lang.ThreadLocal$ThreadLocalMap.getEntry(Ljava/lang/ThreadLocal;)Ljava/lang/ThreadLocal$ThreadLocalMap$Entry; @ 29
Event: 2.817 Thread 0x000002017979b800 Uncommon trap: reason=null_check action=make_not_entrant pc=0x00000201599d0e74 method=java.lang.StringCoding.deref(Ljava/lang/ThreadLocal;)Ljava/lang/Object; @ 4
Event: 2.933 Thread 0x000002017979b800 Uncommon trap: reason=unstable_if action=reinterpret pc=0x0000020159c49120 method=java.lang.Integer.parseInt(Ljava/lang/String;I)I @ 122

Classes redefined (0 events):
No events

Internal exceptions (10 events):
Event: 2.090 Thread 0x0000020157d4e000 Exception <a 'java/lang/reflect/InvocationTargetException'> (0x000000076e9abd40) thrown at [J:\jenkins\tmp\workspace\build\src\hotspot\src\share\vm\runtime\reflection.cpp, line 1092]
Event: 2.101 Thread 0x0000020157d4e000 Exception <a 'java/lang/reflect/InvocationTargetException'> (0x000000076ea2da00) thrown at [J:\jenkins\tmp\workspace\build\src\hotspot\src\share\vm\runtime\reflection.cpp, line 1092]
Event: 2.102 Thread 0x0000020157d4e000 Exception <a 'java/lang/reflect/InvocationTargetException'> (0x000000076ea4c9d0) thrown at [J:\jenkins\tmp\workspace\build\src\hotspot\src\share\vm\runtime\reflection.cpp, line 1092]
Event: 2.429 Thread 0x0000020157d4e000 Exception <a 'java/security/PrivilegedActionException'> (0x000000076cba77c0) thrown at [J:\jenkins\tmp\workspace\build\src\hotspot\src\share\vm\prims\jvm.cpp, line 1514]
Event: 2.429 Thread 0x0000020157d4e000 Exception <a 'java/security/PrivilegedActionException'> (0x000000076cba8cf0) thrown at [J:\jenkins\tmp\workspace\build\src\hotspot\src\share\vm\prims\jvm.cpp, line 1514]
Event: 2.429 Thread 0x0000020157d4e000 Exception <a 'java/security/PrivilegedActionException'> (0x000000076cbaa120) thrown at [J:\jenkins\tmp\workspace\build\src\hotspot\src\share\vm\prims\jvm.cpp, line 1514]
Event: 2.429 Thread 0x0000020157d4e000 Exception <a 'java/security/PrivilegedActionException'> (0x000000076cbab7e0) thrown at [J:\jenkins\tmp\workspace\build\src\hotspot\src\share\vm\prims\jvm.cpp, line 1514]
Event: 2.429 Thread 0x0000020157d4e000 Exception <a 'java/security/PrivilegedActionException'> (0x000000076cbacbd8) thrown at [J:\jenkins\tmp\workspace\build\src\hotspot\src\share\vm\prims\jvm.cpp, line 1514]
Event: 2.429 Thread 0x0000020157d4e000 Exception <a 'java/security/PrivilegedActionException'> (0x000000076cbadfa0) thrown at [J:\jenkins\tmp\workspace\build\src\hotspot\src\share\vm\prims\jvm.cpp, line 1514]
Event: 2.817 Thread 0x000002017979b800 Implicit null exception at 0x00000201599d060c to 0x00000201599d0e59

Events (10 events):
Event: 3.028 Thread 0x000002017979b800 Thread exited: 0x000002017979b800
Event: 3.028 loading class org/uqbar/project/wollok/interpreter/WollokInterpreter$3
Event: 3.028 loading class org/uqbar/project/wollok/interpreter/WollokInterpreter$3 done
Event: 3.029 loading class java/util/IdentityHashMap$KeyIterator
Event: 3.029 loading class java/util/IdentityHashMap$KeyIterator done
Event: 3.029 Thread 0x000002017979b800 Thread added: 0x000002017979b800
Event: 3.029 Thread 0x00000201778a7000 Thread added: 0x00000201778a7000
Event: 3.029 Thread 0x000002017979b800 Thread exited: 0x000002017979b800
Event: 3.039 Thread 0x00000201778a7000 Thread exited: 0x00000201778a7000
Event: 3.039 Executing VM operation: Exit


Dynamic libraries:
0x00007ff749360000 - 0x00007ff7493a5000 	C:\Program Files\Eclipse Adoptium\jdk-8.0.372.7-hotspot\bin\javaw.exe
0x00007ffea84f0000 - 0x00007ffea86e7000 	C:\Windows\SYSTEM32\ntdll.dll
0x00007ffea6e00000 - 0x00007ffea6ebd000 	C:\Windows\System32\KERNEL32.DLL
0x00007ffea5ef0000 - 0x00007ffea61e6000 	C:\Windows\System32\KERNELBASE.dll
0x00007ffea8400000 - 0x00007ffea84ae000 	C:\Windows\System32\ADVAPI32.dll
0x00007ffea6ee0000 - 0x00007ffea6f7e000 	C:\Windows\System32\msvcrt.dll
0x00007ffea6bb0000 - 0x00007ffea6c4c000 	C:\Windows\System32\sechost.dll
0x00007ffea8220000 - 0x00007ffea8346000 	C:\Windows\System32\RPCRT4.dll
0x00007ffea7930000 - 0x00007ffea7ace000 	C:\Windows\System32\USER32.dll
0x00007ffea61f0000 - 0x00007ffea6212000 	C:\Windows\System32\win32u.dll
0x00007ffea7900000 - 0x00007ffea792c000 	C:\Windows\System32\GDI32.dll
0x00007ffea5bd0000 - 0x00007ffea5cea000 	C:\Windows\System32\gdi32full.dll
0x00007ffea6320000 - 0x00007ffea63bd000 	C:\Windows\System32\msvcp_win.dll
0x00007ffea6220000 - 0x00007ffea6320000 	C:\Windows\System32\ucrtbase.dll
0x00007ffe91650000 - 0x00007ffe918ea000 	C:\Windows\WinSxS\amd64_microsoft.windows.common-controls_6595b64144ccf1df_6.0.19041.3570_none_60bb2a3971f3e41a\COMCTL32.dll
0x00007ffea78d0000 - 0x00007ffea7900000 	C:\Windows\System32\IMM32.DLL
0x00007ffe9aaa0000 - 0x00007ffe9aab5000 	C:\Program Files\Eclipse Adoptium\jdk-8.0.372.7-hotspot\jre\bin\vcruntime140.dll
0x00007ffe78190000 - 0x00007ffe7822b000 	C:\Program Files\Eclipse Adoptium\jdk-8.0.372.7-hotspot\jre\bin\msvcp140.dll
0x000000005a200000 - 0x000000005aa58000 	C:\Program Files\Eclipse Adoptium\jdk-8.0.372.7-hotspot\jre\bin\server\jvm.dll
0x00007ffea6f80000 - 0x00007ffea6f88000 	C:\Windows\System32\PSAPI.DLL
0x00007ffe8e610000 - 0x00007ffe8e637000 	C:\Windows\SYSTEM32\WINMM.dll
0x00007ffe9da40000 - 0x00007ffe9da49000 	C:\Windows\SYSTEM32\WSOCK32.dll
0x00007ffe9aa50000 - 0x00007ffe9aa5a000 	C:\Windows\SYSTEM32\VERSION.dll
0x00007ffea81b0000 - 0x00007ffea821b000 	C:\Windows\System32\WS2_32.dll
0x00007ffea4400000 - 0x00007ffea4412000 	C:\Windows\SYSTEM32\kernel.appcore.dll
0x00007ffe9bef0000 - 0x00007ffe9bf00000 	C:\Program Files\Eclipse Adoptium\jdk-8.0.372.7-hotspot\jre\bin\verify.dll
0x00007ffe8c810000 - 0x00007ffe8c83b000 	C:\Program Files\Eclipse Adoptium\jdk-8.0.372.7-hotspot\jre\bin\java.dll
0x00007ffe9a9a0000 - 0x00007ffe9a9b8000 	C:\Program Files\Eclipse Adoptium\jdk-8.0.372.7-hotspot\jre\bin\zip.dll
0x00007ffea7180000 - 0x00007ffea78c4000 	C:\Windows\System32\SHELL32.dll
0x00007ffea3b70000 - 0x00007ffea430b000 	C:\Windows\SYSTEM32\windows.storage.dll
0x00007ffea65b0000 - 0x00007ffea6904000 	C:\Windows\System32\combase.dll
0x00007ffea55a0000 - 0x00007ffea55cd000 	C:\Windows\SYSTEM32\Wldp.dll
0x00007ffea7c90000 - 0x00007ffea7d3d000 	C:\Windows\System32\SHCORE.dll
0x00007ffea7110000 - 0x00007ffea7165000 	C:\Windows\System32\shlwapi.dll
0x00007ffea5b00000 - 0x00007ffea5b25000 	C:\Windows\SYSTEM32\profapi.dll
0x0000000065580000 - 0x0000000065616000 	C:\Users\fabri\AppData\Local\Temp\libgdxfabri\12dfaa03\gdx64.dll
0x00007ffea54f0000 - 0x00007ffea5508000 	C:\Windows\SYSTEM32\CRYPTSP.dll
0x00007ffea4bb0000 - 0x00007ffea4be4000 	C:\Windows\system32\rsaenh.dll
0x00007ffea5ec0000 - 0x00007ffea5ee7000 	C:\Windows\System32\bcrypt.dll
0x00007ffea5a80000 - 0x00007ffea5aae000 	C:\Windows\SYSTEM32\USERENV.dll
0x00007ffea64c0000 - 0x00007ffea6542000 	C:\Windows\System32\bcryptprimitives.dll
0x00007ffea5510000 - 0x00007ffea551c000 	C:\Windows\SYSTEM32\CRYPTBASE.dll
0x00007ffe9a960000 - 0x00007ffe9a97c000 	C:\Program Files\Eclipse Adoptium\jdk-8.0.372.7-hotspot\jre\bin\net.dll
0x00007ffea5300000 - 0x00007ffea536a000 	C:\Windows\system32\mswsock.dll
0x00007ffea4f90000 - 0x00007ffea4fcb000 	C:\Windows\SYSTEM32\IPHLPAPI.DLL
0x00007ffea6910000 - 0x00007ffea6918000 	C:\Windows\System32\NSI.dll
0x00007ffe99ca0000 - 0x00007ffe99cb7000 	C:\Windows\SYSTEM32\dhcpcsvc6.DLL
0x00007ffe9a060000 - 0x00007ffe9a07d000 	C:\Windows\SYSTEM32\dhcpcsvc.DLL
0x00007ffea4fd0000 - 0x00007ffea509a000 	C:\Windows\SYSTEM32\DNSAPI.dll
0x00007ffe9a840000 - 0x00007ffe9a853000 	C:\Program Files\Eclipse Adoptium\jdk-8.0.372.7-hotspot\jre\bin\nio.dll
0x0000000180000000 - 0x0000000180053000 	C:\Users\fabri\AppData\Local\Temp\libgdxfabri\dc0f0009\lwjgl64.dll
0x00007ffe82eb0000 - 0x00007ffe82fd5000 	C:\Windows\SYSTEM32\OPENGL32.dll
0x00007ffe9a4c0000 - 0x00007ffe9a4ec000 	C:\Windows\SYSTEM32\GLU32.dll
0x0000020178f10000 - 0x0000020178f74000 	C:\Users\fabri\AppData\Local\Temp\libgdxfabri\dc0f0009\OpenAL64.dll
0x00007ffea7b60000 - 0x00007ffea7c8b000 	C:\Windows\System32\ole32.dll
0x00007ffea2f60000 - 0x00007ffea2ffe000 	C:\Windows\system32\uxtheme.dll
0x00007ffea8350000 - 0x00007ffea83f9000 	C:\Windows\System32\clbcatq.dll
0x00007ffe4acb0000 - 0x00007ffe4ad4c000 	C:\Windows\SYSTEM32\dsound.dll
0x00007ffe91ff0000 - 0x00007ffe92016000 	C:\Windows\SYSTEM32\winmmbase.dll
0x00007ffea5910000 - 0x00007ffea595b000 	C:\Windows\SYSTEM32\powrprof.dll
0x00007ffea58f0000 - 0x00007ffea5902000 	C:\Windows\SYSTEM32\UMPDC.dll
0x00007ffe9c370000 - 0x00007ffe9c3f5000 	C:\Windows\System32\MMDevApi.dll
0x00007ffea5960000 - 0x00007ffea5993000 	C:\Windows\System32\DEVOBJ.dll
0x00007ffea63c0000 - 0x00007ffea640e000 	C:\Windows\System32\cfgmgr32.dll
0x00007ffe9c510000 - 0x00007ffe9c692000 	C:\Windows\SYSTEM32\AUDIOSES.DLL
0x00007ffea6d30000 - 0x00007ffea6dfd000 	C:\Windows\System32\OLEAUT32.dll
0x00007ffea30c0000 - 0x00007ffea30d4000 	C:\Windows\SYSTEM32\resourcepolicyclient.dll
0x00007ffe9c780000 - 0x00007ffe9c82e000 	C:\Windows\SYSTEM32\mscms.dll
0x00007ffe9c760000 - 0x00007ffe9c771000 	C:\Windows\SYSTEM32\ColorAdapterClient.dll
0x00007ffe99450000 - 0x00007ffe99493000 	C:\Windows\System32\Windows.Internal.Graphics.Display.DisplayColorManagement.dll
0x00007ffea6f90000 - 0x00007ffea70a4000 	C:\Windows\System32\MSCTF.dll
0x00007ffe99da0000 - 0x00007ffe99ea2000 	C:\Windows\System32\AppXDeploymentClient.dll
0x00007ffe3b1f0000 - 0x00007ffe3c1f7000 	C:\Windows\System32\DriverStore\FileRepository\iigd_dch.inf_amd64_044fd6f0c2ae28a8\ig12icd64.dll
0x00007ffea30e0000 - 0x00007ffea310f000 	C:\Windows\system32\dwmapi.dll
0x00007ffea4590000 - 0x00007ffea4683000 	C:\Windows\system32\dxgi.dll
0x00007ffe40110000 - 0x00007ffe40509000 	C:\Windows\System32\DriverStore\FileRepository\iigd_dch.inf_amd64_044fd6f0c2ae28a8\igdml64.dll
0x00007ffe97000000 - 0x00007ffe972c4000 	C:\Windows\System32\DriverStore\FileRepository\iigd_dch.inf_amd64_044fd6f0c2ae28a8\igdgmm64.dll
0x00007ffe7b460000 - 0x00007ffe7b55a000 	C:\Windows\SYSTEM32\textinputframework.dll
0x00007ffea01b0000 - 0x00007ffea050b000 	C:\Windows\System32\CoreUIComponents.dll
0x00007ffea05f0000 - 0x00007ffea06e2000 	C:\Windows\System32\CoreMessaging.dll
0x00007ffea4cd0000 - 0x00007ffea4d03000 	C:\Windows\SYSTEM32\ntmarta.dll
0x00007ffe9fae0000 - 0x00007ffe9fc35000 	C:\Windows\SYSTEM32\wintypes.dll
0x00007ffe8c0b0000 - 0x00007ffe8c0f3000 	C:\Windows\SYSTEM32\icm32.dll
0x00007ffe94460000 - 0x00007ffe96ff4000 	C:\Windows\System32\DriverStore\FileRepository\iigd_dch.inf_amd64_044fd6f0c2ae28a8\igc64.dll
0x00007ffea3980000 - 0x00007ffea3b64000 	C:\Windows\SYSTEM32\dbghelp.dll

VM Arguments:
jvm_args: -Duser.language=es_AR -Dfile.encoding=UTF-8 
java_command: org.uqbar.project.wollok.launch.WollokLauncher -requestsPort 0 -eventsPort 0 -folder -dontValidate -wf src/CocinaGame.wpgm -darkMode
java_class_path (initial): C:\Users\fabri\OneDrive\Documentos\TPS wollok\bin;C:\Users\fabri\OneDrive\Escritorio\wollok-win32.win32.x86_64\plugins\com.ibm.icu_64.2.0.v20190507-1337.jar;C:\Users\fabri\OneDrive\Escritorio\wollok-win32.win32.x86_64\plugins\org.eclipse.xtext_2.20.0.v20191202-0915.jar;C:\Users\fabri\OneDrive\Escritorio\wollok-win32.win32.x86_64\plugins\org.eclipse.emf.ecore.xmi_2.16.0.v20190528-0725.jar;C:\Users\fabri\OneDrive\Escritorio\wollok-win32.win32.x86_64\plugins\org.eclipse.emf.ecore_2.20.0.v20190920-0401.jar;C:\Users\fabri\OneDrive\Escritorio\wollok-win32.win32.x86_64\plugins\org.eclipse.emf.common_2.17.0.v20190920-0401.jar;C:\Users\fabri\OneDrive\Escritorio\wollok-win32.win32.x86_64\plugins\org.antlr.runtime_3.2.0.v201101311130.jar;C:\Users\fabri\OneDrive\Escritorio\wollok-win32.win32.x86_64\plugins\com.google.inject_3.0.0.v201605172100.jar;C:\Users\fabri\OneDrive\Escritorio\wollok-win32.win32.x86_64\plugins\org.eclipse.emf.mwe.core_1.5.1.v20191121-1148.jar;C:\Users\fabri\OneDrive\Escritorio\wollok-win32.win32.x86_64\plugins\org.apache.commons.cli_1.2.0.v201404270220.jar;C:\Users\fabri\OneDrive\Escritorio\wollok-win32.win32.x86_64\plugins\org.eclipse.emf.mwe2.runtime_2.11.1.v20191121-1148.jar;C:\Users\fabri\OneDrive\Escritorio\wollok-win32.win32.x86_64\plugins\org.eclipse.emf.mwe.utils_1.5.1.v20191121-1148.jar;C:\Users\fabri\OneDrive\Escritorio\wollok-win32.win32.x86_64\plugins\org.eclipse.xtext.util_2.20.0.v20191202-0915.jar;C:\Users\fabri\OneDrive\Escritorio\wollok-win32.win32.x86_64\plugins\com.google.guava_27.1.0.v20190517-1946.jar;C:\Users\fabri\OneDrive\Escritorio\wollok-win32.win32.x86_64\plugins\javax.inject_1.0.0.v20091030.jar;C:\Users\fabri\OneDrive\Escritorio\wollok-win32.win32.x86_64\plugins\org.eclipse.xtext.generator_2.20.0.v20191202-0933.jar;C:\Users\fabri\OneDrive\Escritorio\wollok-win32.win32.x86_64\plugins\org.eclipse.xtext.xtext.generator_2.20.0.v20191202-0915.jar;C:\Users\fabri\OneDrive\Escritorio\wollok-win32.win32.x86_64
Launcher Type: SUN_STANDARD

Environment Variables:
JAVA_HOME=C:\Program Files\Eclipse Adoptium\jdk-8.0.372.7-hotspot\
PATH=C:/Program Files/Eclipse Adoptium/jdk-8.0.372.7-hotspot/bin/../jre/bin/server;C:/Program Files/Eclipse Adoptium/jdk-8.0.372.7-hotspot/bin/../jre/bin;C:/Program Files/Eclipse Adoptium/jdk-8.0.372.7-hotspot/bin/../jre/lib/amd64;C:\Program Files\Eclipse Adoptium\jdk-8.0.372.7-hotspot\bin;C:\Program Files (x86)\Eclipse Adoptium\jdk-8.0.372.7-hotspot\bin;C:\Windows\system32;C:\Windows;C:\Windows\System32\Wbem;C:\Windows\System32\WindowsPowerShell\v1.0\;C:\Windows\System32\OpenSSH\;C:\Program Files\Microsoft SQL Server\150\Tools\Binn\;C:\Program Files\Microsoft SQL Server\Client SDK\ODBC\170\Tools\Binn\;C:\Program Files\nodejs\;C:\Program Files\Git\cmd;C:\Users\fabri\AppData\Local\Microsoft\WindowsApps;;C:\Users\fabri\AppData\Local\Programs\Microsoft VS Code\bin;C:\Users\fabri\AppData\Roaming\npm;C:\Users\fabri\OneDrive\Escritorio\wollok-win32.win32.x86_64;
USERNAME=fabri
OS=Windows_NT
PROCESSOR_IDENTIFIER=Intel64 Family 6 Model 140 Stepping 1, GenuineIntel



---------------  S Y S T E M  ---------------

OS: Windows 10 , 64 bit Build 19041 (10.0.19041.3570)

CPU:total 8 (initial active 8) (4 cores per cpu, 2 threads per core) family 6 model 140 stepping 1, cmov, cx8, fxsr, mmx, sse, sse2, sse3, ssse3, sse4.1, sse4.2, popcnt, avx, avx2, aes, clmul, erms, 3dnowpref, lzcnt, ht, tsc, tscinvbit, bmi1, bmi2, adx

Memory: 4k page, physical 16464352k(8256908k free), swap 18954720k(6412808k free)

vm_info: OpenJDK 64-Bit Server VM (25.372-b07) for windows-amd64 JRE (1.8.0_372-b07), built on Apr 19 2023 08:59:36 by "jenkins" with MS VC++ 15.9 (VS2017)

time: Sun Nov 12 01:34:06 2023
timezone: Hora estándar de Argentina
elapsed time: 3.090275 seconds (0d 0h 0m 3s)

